[0.013s] Invoking command in '/home/woowa/modern/Discovering-Modern-Cpp/build/exercise1': /usr/bin/cmake /home/woowa/modern/Discovering-Modern-Cpp/src/exercise1 -DCMAKE_INSTALL_PREFIX=/home/woowa/modern/Discovering-Modern-Cpp/install/exercise1
[0.060s] -- The C compiler identification is GNU 9.3.0
[0.106s] -- The CXX compiler identification is GNU 9.3.0
[0.111s] -- Check for working C compiler: /usr/bin/cc
[0.171s] -- Check for working C compiler: /usr/bin/cc -- works
[0.171s] -- Detecting C compiler ABI info
[0.236s] -- Detecting C compiler ABI info - done
[0.248s] -- Detecting C compile features
[0.248s] -- Detecting C compile features - done
[0.251s] -- Check for working CXX compiler: /usr/bin/c++
[0.322s] -- Check for working CXX compiler: /usr/bin/c++ -- works
[0.323s] -- Detecting CXX compiler ABI info
[0.398s] -- Detecting CXX compiler ABI info - done
[0.411s] -- Detecting CXX compile features
[0.412s] -- Detecting CXX compile features - done
[0.412s] CMake Error at CMakeLists.txt:9 (install):
[0.413s]   install TARGETS given target "exercise1-1" which does not exist.
[0.413s] 
[0.413s] 
[0.413s] -- Configuring incomplete, errors occurred!
[0.413s] See also "/home/woowa/modern/Discovering-Modern-Cpp/build/exercise1/CMakeFiles/CMakeOutput.log".
[0.416s] Invoked command in '/home/woowa/modern/Discovering-Modern-Cpp/build/exercise1' returned '1': /usr/bin/cmake /home/woowa/modern/Discovering-Modern-Cpp/src/exercise1 -DCMAKE_INSTALL_PREFIX=/home/woowa/modern/Discovering-Modern-Cpp/install/exercise1
