[0.243s] DEBUG:colcon:Command line arguments: ['/usr/bin/colcon', 'build']
[0.243s] DEBUG:colcon:Parsed command line arguments: Namespace(ament_cmake_args=None, base_paths=['.'], build_base='build', catkin_cmake_args=None, catkin_skip_building_tests=False, cmake_args=None, cmake_clean_cache=False, cmake_clean_first=False, cmake_force_configure=False, cmake_target=None, cmake_target_skip_unavailable=False, continue_on_error=False, event_handlers=None, executor='parallel', ignore_user_meta=False, install_base='install', log_base=None, log_level=None, main=<bound method BuildVerb.main of <colcon_core.verb.build.BuildVerb object at 0x7f28a028a8e0>>, merge_install=False, metas=['./colcon.meta'], packages_above=None, packages_above_and_dependencies=None, packages_above_depth=None, packages_end=None, packages_ignore=None, packages_ignore_regex=None, packages_select=None, packages_select_build_failed=False, packages_select_by_dep=None, packages_select_regex=None, packages_select_test_failures=False, packages_skip=None, packages_skip_build_finished=False, packages_skip_by_dep=None, packages_skip_regex=None, packages_skip_test_passed=False, packages_skip_up_to=None, packages_start=None, packages_up_to=None, packages_up_to_regex=None, parallel_workers=12, paths=None, symlink_install=False, test_result_base=None, verb_extension=<colcon_core.verb.build.BuildVerb object at 0x7f28a028a8e0>, verb_name='build', verb_parser=<colcon_defaults.argument_parser.defaults.DefaultArgumentsDecorator object at 0x7f28a0353ca0>)
[0.248s] Level 1:colcon.colcon_core.package_discovery:discover_packages(colcon_meta) check parameters
[0.248s] Level 1:colcon.colcon_core.package_discovery:discover_packages(recursive) check parameters
[0.248s] Level 1:colcon.colcon_core.package_discovery:discover_packages(ignore) check parameters
[0.248s] Level 1:colcon.colcon_core.package_discovery:discover_packages(path) check parameters
[0.248s] Level 1:colcon.colcon_core.package_discovery:discover_packages(colcon_meta) discover
[0.248s] Level 1:colcon.colcon_core.package_discovery:discover_packages(recursive) discover
[0.248s] INFO:colcon.colcon_core.package_discovery:Crawling recursively for packages in '/home/woowa/modern/Discovering-Modern-Cpp'
[0.248s] Level 1:colcon.colcon_core.package_identification:_identify(.) by extensions ['ignore', 'ignore_ament_install']
[0.248s] Level 1:colcon.colcon_core.package_identification:_identify(.) by extension 'ignore'
[0.248s] Level 1:colcon.colcon_core.package_identification:_identify(.) by extension 'ignore_ament_install'
[0.248s] Level 1:colcon.colcon_core.package_identification:_identify(.) by extensions ['colcon_pkg']
[0.248s] Level 1:colcon.colcon_core.package_identification:_identify(.) by extension 'colcon_pkg'
[0.249s] Level 1:colcon.colcon_core.package_identification:_identify(.) by extensions ['colcon_meta']
[0.249s] Level 1:colcon.colcon_core.package_identification:_identify(.) by extension 'colcon_meta'
[0.249s] Level 1:colcon.colcon_core.package_identification:_identify(.) by extensions ['ros']
[0.249s] Level 1:colcon.colcon_core.package_identification:_identify(.) by extension 'ros'
[0.258s] Level 1:colcon.colcon_core.package_identification:_identify(.) by extensions ['cmake', 'python']
[0.258s] Level 1:colcon.colcon_core.package_identification:_identify(.) by extension 'cmake'
[0.258s] Level 1:colcon.colcon_core.package_identification:_identify(.) by extension 'python'
[0.258s] Level 1:colcon.colcon_core.package_identification:_identify(.) by extensions ['python_setup_py']
[0.258s] Level 1:colcon.colcon_core.package_identification:_identify(.) by extension 'python_setup_py'
[0.258s] Level 1:colcon.colcon_core.package_identification:_identify(build) by extensions ['ignore', 'ignore_ament_install']
[0.259s] Level 1:colcon.colcon_core.package_identification:_identify(build) by extension 'ignore'
[0.259s] Level 1:colcon.colcon_core.package_identification:_identify(build) ignored
[0.259s] Level 1:colcon.colcon_core.package_identification:_identify(install) by extensions ['ignore', 'ignore_ament_install']
[0.259s] Level 1:colcon.colcon_core.package_identification:_identify(install) by extension 'ignore'
[0.259s] Level 1:colcon.colcon_core.package_identification:_identify(install) ignored
[0.259s] Level 1:colcon.colcon_core.package_identification:_identify(log) by extensions ['ignore', 'ignore_ament_install']
[0.259s] Level 1:colcon.colcon_core.package_identification:_identify(log) by extension 'ignore'
[0.259s] Level 1:colcon.colcon_core.package_identification:_identify(log) ignored
[0.259s] Level 1:colcon.colcon_core.package_identification:_identify(src) by extensions ['ignore', 'ignore_ament_install']
[0.259s] Level 1:colcon.colcon_core.package_identification:_identify(src) by extension 'ignore'
[0.259s] Level 1:colcon.colcon_core.package_identification:_identify(src) by extension 'ignore_ament_install'
[0.260s] Level 1:colcon.colcon_core.package_identification:_identify(src) by extensions ['colcon_pkg']
[0.260s] Level 1:colcon.colcon_core.package_identification:_identify(src) by extension 'colcon_pkg'
[0.260s] Level 1:colcon.colcon_core.package_identification:_identify(src) by extensions ['colcon_meta']
[0.260s] Level 1:colcon.colcon_core.package_identification:_identify(src) by extension 'colcon_meta'
[0.260s] Level 1:colcon.colcon_core.package_identification:_identify(src) by extensions ['ros']
[0.260s] Level 1:colcon.colcon_core.package_identification:_identify(src) by extension 'ros'
[0.260s] Level 1:colcon.colcon_core.package_identification:_identify(src) by extensions ['cmake', 'python']
[0.260s] Level 1:colcon.colcon_core.package_identification:_identify(src) by extension 'cmake'
[0.260s] Level 1:colcon.colcon_core.package_identification:_identify(src) by extension 'python'
[0.260s] Level 1:colcon.colcon_core.package_identification:_identify(src) by extensions ['python_setup_py']
[0.260s] Level 1:colcon.colcon_core.package_identification:_identify(src) by extension 'python_setup_py'
[0.260s] Level 1:colcon.colcon_core.package_identification:_identify(src/exercise1_10_1) by extensions ['ignore', 'ignore_ament_install']
[0.260s] Level 1:colcon.colcon_core.package_identification:_identify(src/exercise1_10_1) by extension 'ignore'
[0.260s] Level 1:colcon.colcon_core.package_identification:_identify(src/exercise1_10_1) by extension 'ignore_ament_install'
[0.260s] Level 1:colcon.colcon_core.package_identification:_identify(src/exercise1_10_1) by extensions ['colcon_pkg']
[0.260s] Level 1:colcon.colcon_core.package_identification:_identify(src/exercise1_10_1) by extension 'colcon_pkg'
[0.261s] Level 1:colcon.colcon_core.package_identification:_identify(src/exercise1_10_1) by extensions ['colcon_meta']
[0.261s] Level 1:colcon.colcon_core.package_identification:_identify(src/exercise1_10_1) by extension 'colcon_meta'
[0.261s] Level 1:colcon.colcon_core.package_identification:_identify(src/exercise1_10_1) by extensions ['ros']
[0.261s] Level 1:colcon.colcon_core.package_identification:_identify(src/exercise1_10_1) by extension 'ros'
[0.261s] Level 1:colcon.colcon_core.package_identification:_identify(src/exercise1_10_1) by extensions ['cmake', 'python']
[0.261s] Level 1:colcon.colcon_core.package_identification:_identify(src/exercise1_10_1) by extension 'cmake'
[0.262s] Level 1:colcon.colcon_core.package_identification:_identify(src/exercise1_10_1) by extension 'python'
[0.262s] DEBUG:colcon.colcon_core.package_identification:Package 'src/exercise1_10_1' with type 'cmake' and name 'exercise1_10_1'
[0.262s] Level 1:colcon.colcon_core.package_identification:_identify(src/exercise1_10_2) by extensions ['ignore', 'ignore_ament_install']
[0.262s] Level 1:colcon.colcon_core.package_identification:_identify(src/exercise1_10_2) by extension 'ignore'
[0.262s] Level 1:colcon.colcon_core.package_identification:_identify(src/exercise1_10_2) by extension 'ignore_ament_install'
[0.262s] Level 1:colcon.colcon_core.package_identification:_identify(src/exercise1_10_2) by extensions ['colcon_pkg']
[0.262s] Level 1:colcon.colcon_core.package_identification:_identify(src/exercise1_10_2) by extension 'colcon_pkg'
[0.262s] Level 1:colcon.colcon_core.package_identification:_identify(src/exercise1_10_2) by extensions ['colcon_meta']
[0.263s] Level 1:colcon.colcon_core.package_identification:_identify(src/exercise1_10_2) by extension 'colcon_meta'
[0.263s] Level 1:colcon.colcon_core.package_identification:_identify(src/exercise1_10_2) by extensions ['ros']
[0.263s] Level 1:colcon.colcon_core.package_identification:_identify(src/exercise1_10_2) by extension 'ros'
[0.263s] Level 1:colcon.colcon_core.package_identification:_identify(src/exercise1_10_2) by extensions ['cmake', 'python']
[0.263s] Level 1:colcon.colcon_core.package_identification:_identify(src/exercise1_10_2) by extension 'cmake'
[0.263s] Level 1:colcon.colcon_core.package_identification:_identify(src/exercise1_10_2) by extension 'python'
[0.263s] DEBUG:colcon.colcon_core.package_identification:Package 'src/exercise1_10_2' with type 'cmake' and name 'exercise1_10_2'
[0.263s] Level 1:colcon.colcon_core.package_discovery:discover_packages(recursive) using defaults
[0.263s] Level 1:colcon.colcon_core.package_discovery:discover_packages(ignore) discover
[0.263s] Level 1:colcon.colcon_core.package_discovery:discover_packages(ignore) using defaults
[0.263s] Level 1:colcon.colcon_core.package_discovery:discover_packages(path) discover
[0.263s] Level 1:colcon.colcon_core.package_discovery:discover_packages(path) using defaults
[0.279s] Level 5:colcon.colcon_core.verb:set package 'exercise1_10_1' build argument 'cmake_args' from command line to 'None'
[0.279s] Level 5:colcon.colcon_core.verb:set package 'exercise1_10_1' build argument 'cmake_target' from command line to 'None'
[0.279s] Level 5:colcon.colcon_core.verb:set package 'exercise1_10_1' build argument 'cmake_target_skip_unavailable' from command line to 'False'
[0.279s] Level 5:colcon.colcon_core.verb:set package 'exercise1_10_1' build argument 'cmake_clean_cache' from command line to 'False'
[0.279s] Level 5:colcon.colcon_core.verb:set package 'exercise1_10_1' build argument 'cmake_clean_first' from command line to 'False'
[0.279s] Level 5:colcon.colcon_core.verb:set package 'exercise1_10_1' build argument 'cmake_force_configure' from command line to 'False'
[0.280s] Level 5:colcon.colcon_core.verb:set package 'exercise1_10_1' build argument 'ament_cmake_args' from command line to 'None'
[0.280s] Level 5:colcon.colcon_core.verb:set package 'exercise1_10_1' build argument 'catkin_cmake_args' from command line to 'None'
[0.280s] Level 5:colcon.colcon_core.verb:set package 'exercise1_10_1' build argument 'catkin_skip_building_tests' from command line to 'False'
[0.280s] DEBUG:colcon.colcon_core.verb:Building package 'exercise1_10_1' with the following arguments: {'ament_cmake_args': None, 'build_base': '/home/woowa/modern/Discovering-Modern-Cpp/build/exercise1_10_1', 'catkin_cmake_args': None, 'catkin_skip_building_tests': False, 'cmake_args': None, 'cmake_clean_cache': False, 'cmake_clean_first': False, 'cmake_force_configure': False, 'cmake_target': None, 'cmake_target_skip_unavailable': False, 'install_base': '/home/woowa/modern/Discovering-Modern-Cpp/install/exercise1_10_1', 'merge_install': False, 'path': '/home/woowa/modern/Discovering-Modern-Cpp/src/exercise1_10_1', 'symlink_install': False, 'test_result_base': None}
[0.282s] Level 5:colcon.colcon_core.verb:set package 'exercise1_10_2' build argument 'cmake_args' from command line to 'None'
[0.282s] Level 5:colcon.colcon_core.verb:set package 'exercise1_10_2' build argument 'cmake_target' from command line to 'None'
[0.282s] Level 5:colcon.colcon_core.verb:set package 'exercise1_10_2' build argument 'cmake_target_skip_unavailable' from command line to 'False'
[0.282s] Level 5:colcon.colcon_core.verb:set package 'exercise1_10_2' build argument 'cmake_clean_cache' from command line to 'False'
[0.282s] Level 5:colcon.colcon_core.verb:set package 'exercise1_10_2' build argument 'cmake_clean_first' from command line to 'False'
[0.282s] Level 5:colcon.colcon_core.verb:set package 'exercise1_10_2' build argument 'cmake_force_configure' from command line to 'False'
[0.282s] Level 5:colcon.colcon_core.verb:set package 'exercise1_10_2' build argument 'ament_cmake_args' from command line to 'None'
[0.282s] Level 5:colcon.colcon_core.verb:set package 'exercise1_10_2' build argument 'catkin_cmake_args' from command line to 'None'
[0.282s] Level 5:colcon.colcon_core.verb:set package 'exercise1_10_2' build argument 'catkin_skip_building_tests' from command line to 'False'
[0.282s] DEBUG:colcon.colcon_core.verb:Building package 'exercise1_10_2' with the following arguments: {'ament_cmake_args': None, 'build_base': '/home/woowa/modern/Discovering-Modern-Cpp/build/exercise1_10_2', 'catkin_cmake_args': None, 'catkin_skip_building_tests': False, 'cmake_args': None, 'cmake_clean_cache': False, 'cmake_clean_first': False, 'cmake_force_configure': False, 'cmake_target': None, 'cmake_target_skip_unavailable': False, 'install_base': '/home/woowa/modern/Discovering-Modern-Cpp/install/exercise1_10_2', 'merge_install': False, 'path': '/home/woowa/modern/Discovering-Modern-Cpp/src/exercise1_10_2', 'symlink_install': False, 'test_result_base': None}
[0.282s] INFO:colcon.colcon_core.executor:Executing jobs using 'parallel' executor
[0.284s] DEBUG:colcon.colcon_parallel_executor.executor.parallel:run_until_complete
[0.285s] INFO:colcon.colcon_cmake.task.cmake.build:Building CMake package in '/home/woowa/modern/Discovering-Modern-Cpp/src/exercise1_10_1'
[0.288s] INFO:colcon.colcon_core.plugin_system:Skipping extension 'colcon_core.shell.bat': Not used on non-Windows systems
[0.288s] INFO:colcon.colcon_core.shell:Skip shell extension 'powershell' for command environment: Not usable outside of PowerShell
[0.288s] DEBUG:colcon.colcon_core.shell:Skip shell extension 'dsv' for command environment
[0.291s] DEBUG:colcon.colcon_core.shell:Ignoring prefix path '/opt/ros/foxy'
[0.294s] INFO:colcon.colcon_cmake.task.cmake.build:Building CMake package in '/home/woowa/modern/Discovering-Modern-Cpp/src/exercise1_10_2'
[0.295s] INFO:colcon.colcon_core.shell:Skip shell extension 'powershell' for command environment: Not usable outside of PowerShell
[0.295s] DEBUG:colcon.colcon_core.shell:Skip shell extension 'dsv' for command environment
[0.299s] DEBUG:colcon.colcon_core.shell:Ignoring prefix path '/opt/ros/foxy'
[0.306s] DEBUG:colcon.colcon_core.event_handler.log_command:Invoking command in '/home/woowa/modern/Discovering-Modern-Cpp/build/exercise1_10_1': /usr/bin/cmake --build /home/woowa/modern/Discovering-Modern-Cpp/build/exercise1_10_1 -- -j12 -l12
[0.314s] DEBUG:colcon.colcon_core.event_handler.log_command:Invoking command in '/home/woowa/modern/Discovering-Modern-Cpp/build/exercise1_10_2': /usr/bin/cmake --build /home/woowa/modern/Discovering-Modern-Cpp/build/exercise1_10_2 -- -j12 -l12
[0.366s] DEBUG:colcon.colcon_core.event_handler.log_command:Invoked command in '/home/woowa/modern/Discovering-Modern-Cpp/build/exercise1_10_1' returned '0': /usr/bin/cmake --build /home/woowa/modern/Discovering-Modern-Cpp/build/exercise1_10_1 -- -j12 -l12
[0.398s] DEBUG:colcon.colcon_core.event_handler.log_command:Invoking command in '/home/woowa/modern/Discovering-Modern-Cpp/build/exercise1_10_1': /usr/bin/cmake --install /home/woowa/modern/Discovering-Modern-Cpp/build/exercise1_10_1
[0.407s] Level 1:colcon.colcon_core.environment:create_environment_scripts_only(exercise1_10_1)
[0.407s] DEBUG:colcon.colcon_core.event_handler.log_command:Invoked command in '/home/woowa/modern/Discovering-Modern-Cpp/build/exercise1_10_1' returned '0': /usr/bin/cmake --install /home/woowa/modern/Discovering-Modern-Cpp/build/exercise1_10_1
[0.411s] Level 1:colcon.colcon_core.environment:checking '/home/woowa/modern/Discovering-Modern-Cpp/install/exercise1_10_1' for CMake module files
[0.412s] Level 1:colcon.colcon_core.environment:checking '/home/woowa/modern/Discovering-Modern-Cpp/install/exercise1_10_1' for CMake config files
[0.412s] Level 1:colcon.colcon_core.environment:checking '/home/woowa/modern/Discovering-Modern-Cpp/install/exercise1_10_1/lib'
[0.413s] Level 1:colcon.colcon_core.environment:checking '/home/woowa/modern/Discovering-Modern-Cpp/install/exercise1_10_1/bin'
[0.413s] Level 1:colcon.colcon_core.environment:checking '/home/woowa/modern/Discovering-Modern-Cpp/install/exercise1_10_1/lib/pkgconfig/exercise1_10_1.pc'
[0.413s] Level 1:colcon.colcon_core.environment:checking '/home/woowa/modern/Discovering-Modern-Cpp/install/exercise1_10_1/lib/python3.8/site-packages'
[0.413s] INFO:colcon.colcon_core.shell:Creating package script '/home/woowa/modern/Discovering-Modern-Cpp/install/exercise1_10_1/share/exercise1_10_1/package.ps1'
[0.414s] INFO:colcon.colcon_core.shell:Creating package descriptor '/home/woowa/modern/Discovering-Modern-Cpp/install/exercise1_10_1/share/exercise1_10_1/package.dsv'
[0.414s] INFO:colcon.colcon_core.shell:Creating package script '/home/woowa/modern/Discovering-Modern-Cpp/install/exercise1_10_1/share/exercise1_10_1/package.sh'
[0.415s] INFO:colcon.colcon_core.shell:Creating package script '/home/woowa/modern/Discovering-Modern-Cpp/install/exercise1_10_1/share/exercise1_10_1/package.bash'
[0.415s] INFO:colcon.colcon_core.shell:Creating package script '/home/woowa/modern/Discovering-Modern-Cpp/install/exercise1_10_1/share/exercise1_10_1/package.zsh'
[0.416s] Level 1:colcon.colcon_core.environment:create_file_with_runtime_dependencies(/home/woowa/modern/Discovering-Modern-Cpp/install/exercise1_10_1/share/colcon-core/packages/exercise1_10_1)
[0.620s] DEBUG:colcon.colcon_core.event_handler.log_command:Invoked command in '/home/woowa/modern/Discovering-Modern-Cpp/build/exercise1_10_2' returned '0': /usr/bin/cmake --build /home/woowa/modern/Discovering-Modern-Cpp/build/exercise1_10_2 -- -j12 -l12
[0.641s] DEBUG:colcon.colcon_core.event_handler.log_command:Invoking command in '/home/woowa/modern/Discovering-Modern-Cpp/build/exercise1_10_2': /usr/bin/cmake --install /home/woowa/modern/Discovering-Modern-Cpp/build/exercise1_10_2
[0.652s] Level 1:colcon.colcon_core.environment:create_environment_scripts_only(exercise1_10_2)
[0.653s] Level 1:colcon.colcon_core.environment:checking '/home/woowa/modern/Discovering-Modern-Cpp/install/exercise1_10_2' for CMake module files
[0.653s] DEBUG:colcon.colcon_core.event_handler.log_command:Invoked command in '/home/woowa/modern/Discovering-Modern-Cpp/build/exercise1_10_2' returned '0': /usr/bin/cmake --install /home/woowa/modern/Discovering-Modern-Cpp/build/exercise1_10_2
[0.654s] Level 1:colcon.colcon_core.environment:checking '/home/woowa/modern/Discovering-Modern-Cpp/install/exercise1_10_2' for CMake config files
[0.654s] Level 1:colcon.colcon_core.environment:checking '/home/woowa/modern/Discovering-Modern-Cpp/install/exercise1_10_2/lib'
[0.654s] Level 1:colcon.colcon_core.environment:checking '/home/woowa/modern/Discovering-Modern-Cpp/install/exercise1_10_2/bin'
[0.654s] Level 1:colcon.colcon_core.environment:checking '/home/woowa/modern/Discovering-Modern-Cpp/install/exercise1_10_2/lib/pkgconfig/exercise1_10_2.pc'
[0.654s] Level 1:colcon.colcon_core.environment:checking '/home/woowa/modern/Discovering-Modern-Cpp/install/exercise1_10_2/lib/python3.8/site-packages'
[0.655s] INFO:colcon.colcon_core.shell:Creating package script '/home/woowa/modern/Discovering-Modern-Cpp/install/exercise1_10_2/share/exercise1_10_2/package.ps1'
[0.655s] INFO:colcon.colcon_core.shell:Creating package descriptor '/home/woowa/modern/Discovering-Modern-Cpp/install/exercise1_10_2/share/exercise1_10_2/package.dsv'
[0.655s] INFO:colcon.colcon_core.shell:Creating package script '/home/woowa/modern/Discovering-Modern-Cpp/install/exercise1_10_2/share/exercise1_10_2/package.sh'
[0.656s] INFO:colcon.colcon_core.shell:Creating package script '/home/woowa/modern/Discovering-Modern-Cpp/install/exercise1_10_2/share/exercise1_10_2/package.bash'
[0.656s] INFO:colcon.colcon_core.shell:Creating package script '/home/woowa/modern/Discovering-Modern-Cpp/install/exercise1_10_2/share/exercise1_10_2/package.zsh'
[0.656s] Level 1:colcon.colcon_core.environment:create_file_with_runtime_dependencies(/home/woowa/modern/Discovering-Modern-Cpp/install/exercise1_10_2/share/colcon-core/packages/exercise1_10_2)
[0.656s] DEBUG:colcon.colcon_parallel_executor.executor.parallel:closing loop
[0.657s] DEBUG:colcon.colcon_parallel_executor.executor.parallel:loop closed
[0.657s] DEBUG:colcon.colcon_parallel_executor.executor.parallel:run_until_complete finished with '0'
[0.657s] DEBUG:colcon.colcon_core.event_reactor:joining thread
[0.662s] INFO:colcon.colcon_core.plugin_system:Skipping extension 'colcon_notification.desktop_notification.terminal_notifier': Not used on non-Darwin systems
[0.662s] INFO:colcon.colcon_core.plugin_system:Skipping extension 'colcon_notification.desktop_notification.win32': Not used on non-Windows systems
[0.662s] INFO:colcon.colcon_notification.desktop_notification:Sending desktop notification using 'notify2'
[0.674s] DEBUG:colcon.colcon_core.event_reactor:joined thread
[0.675s] INFO:colcon.colcon_core.shell:Creating prefix script '/home/woowa/modern/Discovering-Modern-Cpp/install/local_setup.ps1'
[0.676s] INFO:colcon.colcon_core.shell:Creating prefix util module '/home/woowa/modern/Discovering-Modern-Cpp/install/_local_setup_util_ps1.py'
[0.677s] INFO:colcon.colcon_core.shell:Creating prefix chain script '/home/woowa/modern/Discovering-Modern-Cpp/install/setup.ps1'
[0.679s] INFO:colcon.colcon_core.shell:Creating prefix script '/home/woowa/modern/Discovering-Modern-Cpp/install/local_setup.sh'
[0.680s] INFO:colcon.colcon_core.shell:Creating prefix util module '/home/woowa/modern/Discovering-Modern-Cpp/install/_local_setup_util_sh.py'
[0.680s] INFO:colcon.colcon_core.shell:Creating prefix chain script '/home/woowa/modern/Discovering-Modern-Cpp/install/setup.sh'
[0.683s] INFO:colcon.colcon_core.shell:Creating prefix script '/home/woowa/modern/Discovering-Modern-Cpp/install/local_setup.bash'
[0.683s] INFO:colcon.colcon_core.shell:Creating prefix chain script '/home/woowa/modern/Discovering-Modern-Cpp/install/setup.bash'
[0.686s] INFO:colcon.colcon_core.shell:Creating prefix script '/home/woowa/modern/Discovering-Modern-Cpp/install/local_setup.zsh'
[0.687s] INFO:colcon.colcon_core.shell:Creating prefix chain script '/home/woowa/modern/Discovering-Modern-Cpp/install/setup.zsh'
