[0.019s] Invoking command in '/home/woowa/modern/Discovering-Modern-Cpp/build/exercise1_10_2': /usr/bin/cmake /home/woowa/modern/Discovering-Modern-Cpp/src/exercise1_10_2 -DCMAKE_INSTALL_PREFIX=/home/woowa/modern/Discovering-Modern-Cpp/install/exercise1_10_2
[0.067s] -- The C compiler identification is GNU 9.3.0
[0.122s] -- The CXX compiler identification is GNU 9.3.0
[0.126s] -- Check for working C compiler: /usr/bin/cc
[0.186s] -- Check for working C compiler: /usr/bin/cc -- works
[0.187s] -- Detecting C compiler ABI info
[0.249s] -- Detecting C compiler ABI info - done
[0.260s] -- Detecting C compile features
[0.261s] -- Detecting C compile features - done
[0.263s] -- Check for working CXX compiler: /usr/bin/c++
[0.334s] -- Check for working CXX compiler: /usr/bin/c++ -- works
[0.335s] -- Detecting CXX compiler ABI info
[0.408s] -- Detecting CXX compiler ABI info - done
[0.419s] -- Detecting CXX compile features
[0.420s] -- Detecting CXX compile features - done
[0.421s] -- Configuring done
[0.423s] -- Generating done
[0.423s] -- Build files have been written to: /home/woowa/modern/Discovering-Modern-Cpp/build/exercise1_10_2
[0.426s] Invoked command in '/home/woowa/modern/Discovering-Modern-Cpp/build/exercise1_10_2' returned '0': /usr/bin/cmake /home/woowa/modern/Discovering-Modern-Cpp/src/exercise1_10_2 -DCMAKE_INSTALL_PREFIX=/home/woowa/modern/Discovering-Modern-Cpp/install/exercise1_10_2
[0.427s] Invoking command in '/home/woowa/modern/Discovering-Modern-Cpp/build/exercise1_10_2': /usr/bin/cmake --build /home/woowa/modern/Discovering-Modern-Cpp/build/exercise1_10_2 -- -j12 -l12
[0.464s] [35m[1mScanning dependencies of target exercise1_10_2[0m
[0.474s] [ 50%] [32mBuilding CXX object CMakeFiles/exercise1_10_2.dir/exercise1_10_2.cpp.o[0m
[0.676s] [100%] [32m[1mLinking CXX executable exercise1_10_2[0m
[0.735s] [100%] Built target exercise1_10_2
[0.746s] Invoked command in '/home/woowa/modern/Discovering-Modern-Cpp/build/exercise1_10_2' returned '0': /usr/bin/cmake --build /home/woowa/modern/Discovering-Modern-Cpp/build/exercise1_10_2 -- -j12 -l12
[0.768s] Invoking command in '/home/woowa/modern/Discovering-Modern-Cpp/build/exercise1_10_2': /usr/bin/cmake --install /home/woowa/modern/Discovering-Modern-Cpp/build/exercise1_10_2
[0.776s] -- Install configuration: ""
[0.776s] -- Installing: /home/woowa/modern/Discovering-Modern-Cpp/install/exercise1_10_2/lib/exercise1_10_2/exercise1_10_2
[0.778s] Invoked command in '/home/woowa/modern/Discovering-Modern-Cpp/build/exercise1_10_2' returned '0': /usr/bin/cmake --install /home/woowa/modern/Discovering-Modern-Cpp/build/exercise1_10_2
