-- The C compiler identification is GNU 9.3.0
-- The CXX compiler identification is GNU 9.3.0
-- Check for working C compiler: /usr/bin/cc
-- Check for working C compiler: /usr/bin/cc -- works
-- Detecting C compiler ABI info
-- Detecting C compiler ABI info - done
-- Detecting C compile features
-- Detecting C compile features - done
-- Check for working CXX compiler: /usr/bin/c++
-- Check for working CXX compiler: /usr/bin/c++ -- works
-- Detecting CXX compiler ABI info
-- Detecting CXX compiler ABI info - done
-- Detecting CXX compile features
-- Detecting CXX compile features - done
-- Configuring done
-- Generating done
-- Build files have been written to: /home/woowa/modern/Discovering-Modern-Cpp/build/exercise1_10_1
[35m[1mScanning dependencies of target exercise1_10_1[0m
[ 50%] [32mBuilding CXX object CMakeFiles/exercise1_10_1.dir/exercise1_10_1.cpp.o[0m
[100%] [32m[1mLinking CXX executable exercise1_10_1[0m
[100%] Built target exercise1_10_1
-- Install configuration: ""
-- Installing: /home/woowa/modern/Discovering-Modern-Cpp/install/exercise1_10_1/lib/exercise1_10_1/exercise1_10_1
