[0.013s] Invoking command in '/home/woowa/modern/Discovering-Modern-Cpp/build/exercise1_10_1': /usr/bin/cmake /home/woowa/modern/Discovering-Modern-Cpp/src/exercise1_10_1 -DCMAKE_INSTALL_PREFIX=/home/woowa/modern/Discovering-Modern-Cpp/install/exercise1_10_1
[0.081s] -- The C compiler identification is GNU 9.3.0
[0.136s] -- The CXX compiler identification is GNU 9.3.0
[0.143s] -- Check for working C compiler: /usr/bin/cc
[0.205s] -- Check for working C compiler: /usr/bin/cc -- works
[0.206s] -- Detecting C compiler ABI info
[0.270s] -- Detecting C compiler ABI info - done
[0.284s] -- Detecting C compile features
[0.284s] -- Detecting C compile features - done
[0.288s] -- Check for working CXX compiler: /usr/bin/c++
[0.370s] -- Check for working CXX compiler: /usr/bin/c++ -- works
[0.371s] -- Detecting CXX compiler ABI info
[0.468s] -- Detecting CXX compiler ABI info - done
[0.481s] -- Detecting CXX compile features
[0.482s] -- Detecting CXX compile features - done
[0.483s] -- Configuring done
[0.484s] -- Generating done
[0.485s] -- Build files have been written to: /home/woowa/modern/Discovering-Modern-Cpp/build/exercise1_10_1
[0.487s] Invoked command in '/home/woowa/modern/Discovering-Modern-Cpp/build/exercise1_10_1' returned '0': /usr/bin/cmake /home/woowa/modern/Discovering-Modern-Cpp/src/exercise1_10_1 -DCMAKE_INSTALL_PREFIX=/home/woowa/modern/Discovering-Modern-Cpp/install/exercise1_10_1
[0.490s] Invoking command in '/home/woowa/modern/Discovering-Modern-Cpp/build/exercise1_10_1': /usr/bin/cmake --build /home/woowa/modern/Discovering-Modern-Cpp/build/exercise1_10_1 -- -j12 -l12
[0.525s] [35m[1mScanning dependencies of target exercise1_10_1[0m
[0.535s] [ 50%] [32mBuilding CXX object CMakeFiles/exercise1_10_1.dir/exercise1_10_1.cpp.o[0m
[0.745s] [100%] [32m[1mLinking CXX executable exercise1_10_1[0m
[0.804s] [100%] Built target exercise1_10_1
[0.815s] Invoked command in '/home/woowa/modern/Discovering-Modern-Cpp/build/exercise1_10_1' returned '0': /usr/bin/cmake --build /home/woowa/modern/Discovering-Modern-Cpp/build/exercise1_10_1 -- -j12 -l12
[0.846s] Invoking command in '/home/woowa/modern/Discovering-Modern-Cpp/build/exercise1_10_1': /usr/bin/cmake --install /home/woowa/modern/Discovering-Modern-Cpp/build/exercise1_10_1
[0.854s] -- Install configuration: ""
[0.854s] -- Installing: /home/woowa/modern/Discovering-Modern-Cpp/install/exercise1_10_1/lib/exercise1_10_1/exercise1_10_1
[0.856s] Invoked command in '/home/woowa/modern/Discovering-Modern-Cpp/build/exercise1_10_1' returned '0': /usr/bin/cmake --install /home/woowa/modern/Discovering-Modern-Cpp/build/exercise1_10_1
